<?xml version="1.0" encoding="UTF-8"?>
<!-- Generated by org.testng.reporters.JUnitXMLReporter -->
<testsuite ignored="0" hostname="DESKTOP-MMML4MB" failures="0" tests="4" name="BasicFlows" time="78.924" errors="0" timestamp="2022-05-03T15:37:34 IST">
  <testcase classname="regressionTest" name="verifyUserLogin" time="27.593"/>
  <testcase classname="regressionTest" name="verifyItemAdded" time="14.942"/>
  <testcase classname="regressionTest" name="verifyInquiry" time="10.318"/>
  <testcase classname="regressionTest" name="verifyStoreLocate" time="23.594"/>
</testsuite> <!-- BasicFlows -->
