<?xml version="1.0" encoding="UTF-8"?>
<!-- Generated by org.testng.reporters.JUnitXMLReporter -->
<testsuite ignored="0" hostname="DESKTOP-MMML4MB" failures="0" tests="5" name="BasicFlows" time="54.032" errors="0" timestamp="2022-05-02T14:26:14 IST">
  <testcase classname="smokeTest" name="verifyPageNav" time="6.529"/>
  <testcase classname="smokeTest" name="verifySearchBoxActive" time="12.352"/>
  <testcase classname="smokeTest" name="verifyInuqiryFrmNav" time="7.804"/>
  <testcase classname="smokeTest" name="verifySideBar" time="16.956"/>
  <testcase classname="smokeTest" name="verifySigninForm" time="7.88"/>
</testsuite> <!-- BasicFlows -->
