<?xml version="1.0" encoding="UTF-8"?>
<testng-results ignored="0" total="5" passed="5" failed="0" skipped="0">
  <reporter-output>
  </reporter-output>
  <suite started-at="2022-05-02T14:25:20 IST" name="smokeTest" finished-at="2022-05-02T14:26:14 IST" duration-ms="54032">
    <groups>
    </groups>
    <test started-at="2022-05-02T14:25:20 IST" name="BasicFlows" finished-at="2022-05-02T14:26:14 IST" duration-ms="54032">
      <class name="smokeTest">
        <test-method is-config="true" signature="setupDriver()[pri:0, instance:smokeTest@48974e45]" started-at="2022-05-02T14:25:20 IST" name="setupDriver" finished-at="2022-05-02T14:25:22 IST" duration-ms="1844" status="PASS">
          <reporter-output>
          </reporter-output>
        </test-method> <!-- setupDriver -->
        <test-method signature="verifyPageNav()[pri:1, instance:smokeTest@48974e45]" started-at="2022-05-02T14:25:22 IST" name="verifyPageNav" finished-at="2022-05-02T14:25:28 IST" duration-ms="6529" status="PASS">
          <reporter-output>
          </reporter-output>
        </test-method> <!-- verifyPageNav -->
        <test-method signature="verifySearchBoxActive()[pri:2, instance:smokeTest@48974e45]" started-at="2022-05-02T14:25:28 IST" name="verifySearchBoxActive" finished-at="2022-05-02T14:25:40 IST" duration-ms="12352" status="PASS">
          <reporter-output>
          </reporter-output>
        </test-method> <!-- verifySearchBoxActive -->
        <test-method signature="verifyInuqiryFrmNav()[pri:3, instance:smokeTest@48974e45]" started-at="2022-05-02T14:25:40 IST" name="verifyInuqiryFrmNav" finished-at="2022-05-02T14:25:48 IST" duration-ms="7804" status="PASS">
          <reporter-output>
          </reporter-output>
        </test-method> <!-- verifyInuqiryFrmNav -->
        <test-method signature="verifySideBar()[pri:4, instance:smokeTest@48974e45]" started-at="2022-05-02T14:25:48 IST" name="verifySideBar" finished-at="2022-05-02T14:26:05 IST" duration-ms="16956" status="PASS">
          <reporter-output>
          </reporter-output>
        </test-method> <!-- verifySideBar -->
        <test-method signature="verifySigninForm()[pri:5, instance:smokeTest@48974e45]" started-at="2022-05-02T14:26:05 IST" name="verifySigninForm" finished-at="2022-05-02T14:26:13 IST" duration-ms="7880" status="PASS">
          <reporter-output>
          </reporter-output>
        </test-method> <!-- verifySigninForm -->
        <test-method is-config="true" signature="quitDriver()[pri:0, instance:smokeTest@48974e45]" started-at="2022-05-02T14:26:13 IST" name="quitDriver" finished-at="2022-05-02T14:26:14 IST" duration-ms="646" status="PASS">
          <reporter-output>
          </reporter-output>
        </test-method> <!-- quitDriver -->
      </class> <!-- smokeTest -->
    </test> <!-- BasicFlows -->
  </suite> <!-- smokeTest -->
</testng-results>
