<?xml version="1.0" encoding="UTF-8"?>
<testng-results ignored="0" total="5" passed="5" failed="0" skipped="0">
  <reporter-output>
  </reporter-output>
  <suite started-at="2022-05-02T17:24:03 IST" name="smokeTest" finished-at="2022-05-02T17:24:56 IST" duration-ms="53110">
    <groups>
    </groups>
    <test started-at="2022-05-02T17:24:03 IST" name="BasicFlows" finished-at="2022-05-02T17:24:56 IST" duration-ms="53110">
      <class name="smokeTest">
        <test-method is-config="true" signature="setupDriver()[pri:0, instance:smokeTest@446293d]" started-at="2022-05-02T17:24:03 IST" name="setupDriver" finished-at="2022-05-02T17:24:04 IST" duration-ms="1837" status="PASS">
          <reporter-output>
          </reporter-output>
        </test-method> <!-- setupDriver -->
        <test-method signature="verifyPageNav()[pri:1, instance:smokeTest@446293d]" started-at="2022-05-02T17:24:04 IST" name="verifyPageNav" finished-at="2022-05-02T17:24:11 IST" duration-ms="6540" status="PASS">
          <reporter-output>
          </reporter-output>
        </test-method> <!-- verifyPageNav -->
        <test-method signature="verifySearchBoxActive()[pri:2, instance:smokeTest@446293d]" started-at="2022-05-02T17:24:11 IST" name="verifySearchBoxActive" finished-at="2022-05-02T17:24:23 IST" duration-ms="12346" status="PASS">
          <reporter-output>
          </reporter-output>
        </test-method> <!-- verifySearchBoxActive -->
        <test-method signature="verifyInuqiryFrmNav()[pri:3, instance:smokeTest@446293d]" started-at="2022-05-02T17:24:23 IST" name="verifyInuqiryFrmNav" finished-at="2022-05-02T17:24:30 IST" duration-ms="6973" status="PASS">
          <reporter-output>
          </reporter-output>
        </test-method> <!-- verifyInuqiryFrmNav -->
        <test-method signature="verifySideBar()[pri:4, instance:smokeTest@446293d]" started-at="2022-05-02T17:24:30 IST" name="verifySideBar" finished-at="2022-05-02T17:24:47 IST" duration-ms="16716" status="PASS">
          <reporter-output>
          </reporter-output>
        </test-method> <!-- verifySideBar -->
        <test-method signature="verifySigninForm()[pri:5, instance:smokeTest@446293d]" started-at="2022-05-02T17:24:47 IST" name="verifySigninForm" finished-at="2022-05-02T17:24:55 IST" duration-ms="8014" status="PASS">
          <reporter-output>
          </reporter-output>
        </test-method> <!-- verifySigninForm -->
        <test-method is-config="true" signature="quitDriver()[pri:0, instance:smokeTest@446293d]" started-at="2022-05-02T17:24:55 IST" name="quitDriver" finished-at="2022-05-02T17:24:56 IST" duration-ms="661" status="PASS">
          <reporter-output>
          </reporter-output>
        </test-method> <!-- quitDriver -->
      </class> <!-- smokeTest -->
    </test> <!-- BasicFlows -->
  </suite> <!-- smokeTest -->
</testng-results>
